<?xml version="1.0" encoding="UTF-8"?>
<!-- Generated by org.testng.reporters.JUnitReportReporter -->
<testsuite hostname="Ankush-PC" name="com.qa.CheapPrice.Test_Cases.HomePage_Test" tests="1" failures="0" timestamp="19 Jun 2019 05:52:57 GMT" time="44.882" errors="0">
  <testcase name="city_select_Test" time="44.882" classname="com.qa.CheapPrice.Test_Cases.HomePage_Test"/>
</testsuite> <!-- com.qa.CheapPrice.Test_Cases.HomePage_Test -->
